[19:50:47] [INIT] KubeJS 2001.6.5-build.16; MC 2001 forge
[19:50:47] [INIT] Loaded plugins:
[19:50:47] [INIT] - dev.latvian.mods.kubejs.forge.BuiltinKubeJSForgePlugin
[19:50:47] [INFO] Loaded script server_scripts:cursedwalkingrecipechanges.js in 0.003 s
[19:50:47] [INFO] Loaded script server_scripts:itemRecipeBlacklist.js in 0.003 s
[19:50:47] [INFO] Loaded script server_scripts:matt's_stims_server.js in 0.002 s
[19:50:47] [INFO] Loaded 3/3 KubeJS server scripts in 0.041 s with 0 errors and 0 warnings
[19:50:47] [INFO] Scripts loaded
[19:50:47] [INFO] Initializing recipe event...
[19:50:54] [INFO] [minecraft:item] Found 921 tags, added 0 objects, removed 1 objects
[19:50:57] [INFO] Processing recipes...
[19:50:57] [WARN] Failed to parse recipe 'the_deep_void:lavendite_devourer_hook_recipe[minecraft:smithing_transform]'! Falling back to vanilla: Ingredient 'template' can't be empty!
[19:50:57] [WARN] Failed to parse recipe 'psg:modprova[minecraft:crafting_shapeless]'! Falling back to vanilla: ItemStack 'result' can't be empty!
[19:50:57] [WARN] Failed to parse recipe 'the_deep_void:bismuth_netherite_sword_recipe[minecraft:smithing_transform]'! Falling back to vanilla: Ingredient 'template' can't be empty!
[19:50:57] [WARN] Failed to parse recipe 'the_deep_void:lavendite_onyx_sword[minecraft:smithing_transform]'! Falling back to vanilla: Ingredient 'template' can't be empty!
[19:50:57] [WARN] Failed to parse recipe 'psg:quarkrecipe_2[minecraft:crafting_shapeless]'! Falling back to vanilla: ItemStack 'result' can't be empty!
[19:50:57] [WARN] Failed to parse recipe 'the_deep_void:lavendite_netherite_sword[minecraft:smithing_transform]'! Falling back to vanilla: Ingredient 'template' can't be empty!
[19:50:57] [WARN] Failed to parse recipe 'the_deep_void:bismuth_netherite_helmet[minecraft:smithing_transform]'! Falling back to vanilla: Ingredient 'template' can't be empty!
[19:50:57] [WARN] Failed to parse recipe 'the_deep_void:lavendite_golden_sword[minecraft:smithing_transform]'! Falling back to vanilla: Ingredient 'template' can't be empty!
[19:50:57] [WARN] Failed to parse recipe 'the_deep_void:bismuth_netherite_pickaxe_recipe[minecraft:smithing_transform]'! Falling back to vanilla: Ingredient 'template' can't be empty!
[19:50:57] [WARN] Failed to parse recipe 'the_deep_void:rotten_netherite_sword[minecraft:smithing_transform]'! Falling back to vanilla: Ingredient 'template' can't be empty!
[19:50:57] [WARN] Failed to parse recipe 'the_deep_void:bismuth_netherite_leggings[minecraft:smithing_transform]'! Falling back to vanilla: Ingredient 'template' can't be empty!
[19:50:57] [WARN] Failed to parse recipe 'the_deep_void:lavendite_wooden_sword[minecraft:smithing_transform]'! Falling back to vanilla: Ingredient 'template' can't be empty!
[19:50:57] [WARN] Failed to parse recipe 'the_deep_void:bismuth_netherite_shovel_recipe[minecraft:smithing_transform]'! Falling back to vanilla: Ingredient 'template' can't be empty!
[19:50:57] [WARN] Failed to parse recipe 'the_deep_void:lavendite_shield[minecraft:smithing_transform]'! Falling back to vanilla: Ingredient 'template' can't be empty!
[19:50:57] [WARN] Failed to parse recipe 'the_deep_void:rotten_wooden_sword[minecraft:smithing_transform]'! Falling back to vanilla: Ingredient 'template' can't be empty!
[19:50:57] [WARN] Failed to parse recipe 'the_deep_void:bismuth_netherite_boots[minecraft:smithing_transform]'! Falling back to vanilla: Ingredient 'template' can't be empty!
[19:50:57] [WARN] Failed to parse recipe 'the_deep_void:bismuth_netherite_axe_recipe[minecraft:smithing_transform]'! Falling back to vanilla: Ingredient 'template' can't be empty!
[19:50:57] [WARN] Failed to parse recipe 'the_deep_void:rotten_iron_sword[minecraft:smithing_transform]'! Falling back to vanilla: Ingredient 'template' can't be empty!
[19:50:57] [WARN] Failed to parse recipe 'the_deep_void:lavendite_stone_sword[minecraft:smithing_transform]'! Falling back to vanilla: Ingredient 'template' can't be empty!
[19:50:57] [WARN] Failed to parse recipe 'the_deep_void:lavendite_diamond_sword[minecraft:smithing_transform]'! Falling back to vanilla: Ingredient 'template' can't be empty!
[19:50:57] [WARN] Failed to parse recipe 'the_deep_void:bismuth_netherite_hoe_recipe[minecraft:smithing_transform]'! Falling back to vanilla: Ingredient 'template' can't be empty!
[19:50:57] [WARN] Failed to parse recipe 'the_deep_void:lavendite_bone_sword[minecraft:smithing_transform]'! Falling back to vanilla: Ingredient 'template' can't be empty!
[19:50:57] [WARN] Failed to parse recipe 'the_deep_void:rotten_diamond_sword[minecraft:smithing_transform]'! Falling back to vanilla: Ingredient 'template' can't be empty!
[19:50:57] [WARN] Failed to parse recipe 'the_deep_void:rotten_golden_sword[minecraft:smithing_transform]'! Falling back to vanilla: Ingredient 'template' can't be empty!
[19:50:57] [WARN] Failed to parse recipe 'the_deep_void:bismuth_netherite_chestplate[minecraft:smithing_transform]'! Falling back to vanilla: Ingredient 'template' can't be empty!
[19:50:57] [WARN] Failed to parse recipe 'the_deep_void:rotten_tongue_hook[minecraft:smithing_transform]'! Falling back to vanilla: Ingredient 'template' can't be empty!
[19:50:57] [WARN] Failed to parse recipe 'the_deep_void:rotten_stone_sword[minecraft:smithing_transform]'! Falling back to vanilla: Ingredient 'template' can't be empty!
[19:50:57] [WARN] Failed to parse recipe 'the_deep_void:lavendite_iron_sword[minecraft:smithing_transform]'! Falling back to vanilla: Ingredient 'template' can't be empty!
[19:50:57] [WARN] Failed to parse recipe 'the_deep_void:void_vision_spyglass[minecraft:smithing_transform]'! Falling back to vanilla: Ingredient 'template' can't be empty!
[19:50:57] [INFO] Found 8957 recipes in 392.8 ms
[19:50:57] [INFO] cursedwalkingrecipechanges.js#2: CW Recipe Tweaks has fired.
[19:50:57] [INFO] itemRecipeBlacklist.js#59: immersive_weathering:iron_ingot_from_clean_block
[19:50:57] [INFO] itemRecipeBlacklist.js#59: immersive_weathering:iron_ingot_from_clean_block_blasting
[19:50:57] [INFO] itemRecipeBlacklist.js#59: immersive_weathering:iron_ingot_from_exposed_block
[19:50:57] [INFO] itemRecipeBlacklist.js#59: immersive_weathering:iron_ingot_from_exposed_block_blasting
[19:50:57] [INFO] itemRecipeBlacklist.js#59: immersive_weathering:iron_ingot_from_rusted_block
[19:50:57] [INFO] itemRecipeBlacklist.js#59: immersive_weathering:iron_ingot_from_rusted_block_blasting
[19:50:57] [INFO] itemRecipeBlacklist.js#59: immersive_weathering:iron_ingot_from_weathered_block
[19:50:57] [INFO] itemRecipeBlacklist.js#59: immersive_weathering:iron_ingot_from_weathered_block_blasting
[19:50:58] [INFO] Posted recipe events in 920.0 ms
[19:50:59] [INFO] Added 8 recipes, removed 30 recipes, modified 3 recipes, with 0 failed recipes in 229.6 ms
[19:51:23] [INFO] Server resource reload complete!
