[19:50:02.242][INFO][CraftTweaker-EarlyInit]: CraftTweaker is running on a Minecraft 1.20.1 production server modded with platform Forge
[19:50:02.259][INFO][CraftTweaker-EarlyInit]: Successfully injected RecipeFS file system
[19:50:02.292][INFO][CraftTweaker-Plugins]: Successfully identified and loaded plugin farmersdelight:crafttweaker_plugin
[19:50:02.293][INFO][CraftTweaker-Plugins]: Successfully identified and loaded plugin refurbished_furniture:plugin
[19:50:02.309][INFO][CraftTweaker-Plugins]: Successfully identified and loaded plugin crafttweaker:builtin
[19:50:02.314][INFO][CraftTweaker-Plugins]: Successfully identified and loaded plugin crafttweaker:builtin_forge
[19:50:02.316][INFO][CraftTweaker-Plugins]: Successfully identified and loaded plugin createtweaker:main
[19:50:03.355][INFO][CraftTweaker]: The following mods have explicit CraftTweaker support through the default plugin:
[19:50:03.356][INFO][CraftTweaker]: - 'crafttweaker' at version '14.0.44'
[19:50:03.356][INFO][CraftTweaker]: - 'createtweaker' at version '4.0.13'
[19:50:03.356][INFO][CraftTweaker]: - 'farmersdelight' at version '1.20.1-1.2.5'
[19:50:03.356][INFO][CraftTweaker]: - 'refurbished_furniture' at version '1.0.8'
[19:50:14.784][INFO][CraftTweaker-ZenCode]: Started loading scripts for loader 'initialize'
[19:50:15.765][INFO][CraftTweaker-ZenCode]: Compiling and executing scripts
[19:50:15.810][INFO][CraftTweaker-ZenCode]: Successfully initialized modules [crafttweaker, expansions]
[19:50:16.017][INFO][CraftTweaker-ZenCode]: Execution for loader 'initialize' completed successfully
[19:50:57.159][INFO][CraftTweaker-ZenCode]: Started loading scripts for loader 'tags'
[19:50:57.254][INFO][CraftTweaker-ZenCode]: Compiling and executing scripts
[19:50:57.282][INFO][CraftTweaker-ZenCode]: Successfully initialized modules [crafttweaker, expansions]
[19:50:57.306][INFO][CraftTweaker-ZenCode]: Execution for loader 'tags' completed successfully
[19:50:59.670][INFO][CraftTweaker]: crafttweaker.reload.start
[19:50:59.676][INFO][CraftTweaker-ZenCode]: Started loading scripts for loader 'crafttweaker'
[19:50:59.722][INFO][CraftTweaker-ZenCode]: Compiling and executing scripts
[19:51:00.451][INFO][CraftTweaker-ZenCode]: Successfully initialized modules [mods, crafttweaker, expansions]
[19:51:00.481][INFO][CraftTweaker-ZenCode]: Execution for loader 'crafttweaker' completed successfully
[19:51:00.482][INFO][CraftTweaker]: crafttweaker.reload.complete
